<?xml version="1.0" encoding="UTF-8"?>
<!-- Generated by org.testng.reporters.JUnitReportReporter -->
<testsuite skipped="0" hostname="LAB_04_26" name="maven.demoprj.NewTest" tests="1" failures="0" timestamp="2021-09-23T11:15:57 IST" time="0.013" errors="0">
  <testcase name="f" time="0.013" classname="maven.demoprj.NewTest"/>
</testsuite> <!-- maven.demoprj.NewTest -->
